# Logfile created on 2014-01-10 19:57:54 +0800 by logger.rb/36483
I, [2014-01-10T19:57:54.538085 #30881]  INFO -- : 0:  i18n (0.6.9) from /Library/Ruby/Gems/2.0.0/specifications/i18n-0.6.9.gemspec
I, [2014-01-10T19:57:54.556678 #30881]  INFO -- : 0:  multi_json (1.8.4) from /Library/Ruby/Gems/2.0.0/specifications/multi_json-1.8.4.gemspec
I, [2014-01-10T19:57:54.557545 #30881]  INFO -- : 0:  activesupport (3.2.16) from /Library/Ruby/Gems/2.0.0/specifications/activesupport-3.2.16.gemspec
I, [2014-01-10T19:57:54.558106 #30881]  INFO -- : 0:  addressable (2.3.5) from /Library/Ruby/Gems/2.0.0/specifications/addressable-2.3.5.gemspec
I, [2014-01-10T19:57:54.558696 #30881]  INFO -- : 0:  atomic (1.1.14) from /Library/Ruby/Gems/2.0.0/specifications/atomic-1.1.14.gemspec
I, [2014-01-10T19:57:54.559245 #30881]  INFO -- : 0:  builder (3.1.4) from /Library/Ruby/Gems/2.0.0/specifications/builder-3.1.4.gemspec
I, [2014-01-10T19:57:54.559792 #30881]  INFO -- : 0:  chunky_png (1.2.6) from /Library/Ruby/Gems/2.0.0/specifications/chunky_png-1.2.6.gemspec
I, [2014-01-10T19:57:54.560332 #30881]  INFO -- : 0:  coffee-script-source (1.6.3) from /Library/Ruby/Gems/2.0.0/specifications/coffee-script-source-1.6.3.gemspec
I, [2014-01-10T19:57:54.560843 #30881]  INFO -- : 0:  execjs (1.4.0) from /Library/Ruby/Gems/2.0.0/specifications/execjs-1.4.0.gemspec
I, [2014-01-10T19:57:54.561373 #30881]  INFO -- : 0:  coffee-script (2.2.0) from /Library/Ruby/Gems/2.0.0/specifications/coffee-script-2.2.0.gemspec
I, [2014-01-10T19:57:54.561847 #30881]  INFO -- : 0:  fssm (0.2.9) from /Library/Ruby/Gems/2.0.0/specifications/fssm-0.2.9.gemspec
I, [2014-01-10T19:57:54.562315 #30881]  INFO -- : 0:  sass (3.2.4) from /Library/Ruby/Gems/2.0.0/specifications/sass-3.2.4.gemspec
I, [2014-01-10T19:57:54.562772 #30881]  INFO -- : 0:  compass (0.12.2) from /Library/Ruby/Gems/2.0.0/specifications/compass-0.12.2.gemspec
I, [2014-01-10T19:57:54.563244 #30881]  INFO -- : 0:  ffi (1.9.3) from /Library/Ruby/Gems/2.0.0/specifications/ffi-1.9.3.gemspec
I, [2014-01-10T19:57:54.563707 #30881]  INFO -- : 0:  haml (3.1.7) from /Library/Ruby/Gems/2.0.0/specifications/haml-3.1.7.gemspec
I, [2014-01-10T19:57:54.564181 #30881]  INFO -- : 0:  hike (1.2.3) from /Library/Ruby/Gems/2.0.0/specifications/hike-1.2.3.gemspec
I, [2014-01-10T19:57:54.564635 #30881]  INFO -- : 0:  kramdown (1.3.1) from /Library/Ruby/Gems/2.0.0/specifications/kramdown-1.3.1.gemspec
I, [2014-01-10T19:57:54.565107 #30881]  INFO -- : 0:  rb-fsevent (0.9.4) from /Library/Ruby/Gems/2.0.0/specifications/rb-fsevent-0.9.4.gemspec
I, [2014-01-10T19:57:54.565576 #30881]  INFO -- : 0:  rb-inotify (0.9.3) from /Library/Ruby/Gems/2.0.0/specifications/rb-inotify-0.9.3.gemspec
I, [2014-01-10T19:57:54.566067 #30881]  INFO -- : 0:  rb-kqueue (0.2.0) from /Library/Ruby/Gems/2.0.0/specifications/rb-kqueue-0.2.0.gemspec
I, [2014-01-10T19:57:54.566555 #30881]  INFO -- : 0:  listen (1.3.1) from /Library/Ruby/Gems/2.0.0/specifications/listen-1.3.1.gemspec
I, [2014-01-10T19:57:54.566984 #30881]  INFO -- : 0:  bundler (1.5.1) from /Library/Ruby/Gems/2.0.0/specifications/bundler-1.5.1.gemspec
I, [2014-01-10T19:57:54.567469 #30881]  INFO -- : 0:  rack (1.5.2) from /Library/Ruby/Gems/2.0.0/specifications/rack-1.5.2.gemspec
I, [2014-01-10T19:57:54.567912 #30881]  INFO -- : 0:  rack-test (0.6.2) from /Library/Ruby/Gems/2.0.0/specifications/rack-test-0.6.2.gemspec
I, [2014-01-10T19:57:54.568361 #30881]  INFO -- : 0:  thor (0.18.1) from /Library/Ruby/Gems/2.0.0/specifications/thor-0.18.1.gemspec
I, [2014-01-10T19:57:54.568807 #30881]  INFO -- : 0:  tilt (1.4.1) from /Library/Ruby/Gems/2.0.0/specifications/tilt-1.4.1.gemspec
I, [2014-01-10T19:57:54.569240 #30881]  INFO -- : 0:  middleman-core (3.2.1) from /Library/Ruby/Gems/2.0.0/specifications/middleman-core-3.2.1.gemspec
I, [2014-01-10T19:57:54.569681 #30881]  INFO -- : 0:  sprockets (2.10.1) from /Library/Ruby/Gems/2.0.0/specifications/sprockets-2.10.1.gemspec
I, [2014-01-10T19:57:54.570104 #30881]  INFO -- : 0:  sprockets-helpers (1.0.1) from /Library/Ruby/Gems/2.0.0/specifications/sprockets-helpers-1.0.1.gemspec
I, [2014-01-10T19:57:54.570557 #30881]  INFO -- : 0:  sprockets-sass (1.0.2) from /Library/Ruby/Gems/2.0.0/specifications/sprockets-sass-1.0.2.gemspec
I, [2014-01-10T19:57:54.570969 #30881]  INFO -- : 0:  middleman-sprockets (3.2.0) from /Library/Ruby/Gems/2.0.0/specifications/middleman-sprockets-3.2.0.gemspec
I, [2014-01-10T19:57:54.571411 #30881]  INFO -- : 0:  uglifier (2.1.2) from /Library/Ruby/Gems/2.0.0/specifications/uglifier-2.1.2.gemspec
I, [2014-01-10T19:57:54.571885 #30881]  INFO -- : 0:  middleman (3.2.1) from /Library/Ruby/Gems/2.0.0/specifications/middleman-3.2.1.gemspec
I, [2014-01-10T19:57:54.572353 #30881]  INFO -- : 0:  thread_safe (0.1.3) from /Library/Ruby/Gems/2.0.0/specifications/thread_safe-0.1.3.gemspec
I, [2014-01-10T19:57:54.572796 #30881]  INFO -- : 0:  tzinfo (1.1.0) from /Library/Ruby/Gems/2.0.0/specifications/tzinfo-1.1.0.gemspec
I, [2014-01-10T19:57:54.573228 #30881]  INFO -- : 0:  middleman-blog (3.5.1) from /Library/Ruby/Gems/2.0.0/specifications/middleman-blog-3.5.1.gemspec
I, [2014-01-10T19:57:54.573661 #30881]  INFO -- : 0:  nokogiri (1.5.6) from /System/Library/Frameworks/Ruby.framework/Versions/2.0/usr/lib/ruby/gems/2.0.0/specifications/nokogiri-1.5.6.gemspec
I, [2014-01-10T19:57:54.574095 #30881]  INFO -- : 0:  redcarpet (2.0.1) from /Library/Ruby/Gems/2.0.0/specifications/redcarpet-2.0.1.gemspec
I, [2014-01-10T19:57:54.574497 #30881]  INFO -- : 0:  susy (1.0.5) from /Library/Ruby/Gems/2.0.0/specifications/susy-1.0.5.gemspec
